<?xml version="1.0" encoding="UTF-8"?>
<coverage generated="1788292479113" clover="3.2.0">
  <project timestamp="1788292479113" name="All files">
    <metrics statements="93" coveredstatements="73" conditionals="34" coveredconditionals="20" methods="56" coveredmethods="37" elements="183" coveredelements="130" complexity="0" loc="93" ncloc="93" packages="12" files="15" classes="15"/>
    <package name="lib">
      <metrics statements="0" coveredstatements="0" conditionals="0" coveredconditionals="0" methods="0" coveredmethods="0"/>
      <file name="index.ts" path="E:\ironyx\ironyx-design-system\src\design-system\src\lib\index.ts">
        <metrics statements="0" coveredstatements="0" conditionals="0" coveredconditionals="0" methods="0" coveredmethods="0"/>
      </file>
    </package>
    <package name="lib.__test_utils">
      <metrics statements="19" coveredstatements="19" conditionals="4" coveredconditionals="4" methods="7" coveredmethods="7"/>
      <file name="field.faker.ts" path="E:\ironyx\ironyx-design-system\src\design-system\src\lib\__test_utils\field.faker.ts">
        <metrics statements="12" coveredstatements="12" conditionals="0" coveredconditionals="0" methods="4" coveredmethods="4"/>
        <line num="8" count="6" type="stmt"/>
        <line num="21" count="4" type="stmt"/>
        <line num="25" count="1" type="stmt"/>
        <line num="26" count="1" type="stmt"/>
        <line num="27" count="1" type="stmt"/>
        <line num="28" count="1" type="stmt"/>
        <line num="30" count="1" type="stmt"/>
        <line num="34" count="1" type="stmt"/>
        <line num="35" count="1" type="stmt"/>
        <line num="36" count="1" type="stmt"/>
        <line num="37" count="1" type="stmt"/>
        <line num="39" count="1" type="stmt"/>
      </file>
      <file name="test_field.svelte" path="E:\ironyx\ironyx-design-system\src\design-system\src\lib\__test_utils\test_field.svelte">
        <metrics statements="7" coveredstatements="7" conditionals="4" coveredconditionals="4" methods="3" coveredmethods="3"/>
        <line num="7" count="4" type="stmt"/>
        <line num="10" count="28" type="stmt"/>
        <line num="11" count="4" type="stmt"/>
        <line num="12" count="7" type="cond" truecount="2" falsecount="0"/>
        <line num="13" count="1" type="stmt"/>
        <line num="16" count="7" type="cond" truecount="2" falsecount="0"/>
        <line num="17" count="2" type="stmt"/>
      </file>
    </package>
    <package name="lib.components.button">
      <metrics statements="9" coveredstatements="4" conditionals="4" coveredconditionals="0" methods="4" coveredmethods="1"/>
      <file name="button_variants.ts" path="E:\ironyx\ironyx-design-system\src\design-system\src\lib\components\button\button_variants.ts">
        <metrics statements="4" coveredstatements="4" conditionals="0" coveredconditionals="0" methods="1" coveredmethods="1"/>
        <line num="1" count="1" type="stmt"/>
        <line num="2" count="1" type="stmt"/>
        <line num="3" count="1" type="stmt"/>
        <line num="4" count="1" type="stmt"/>
      </file>
      <file name="ix-button.svelte" path="E:\ironyx\ironyx-design-system\src\design-system\src\lib\components\button\ix-button.svelte">
        <metrics statements="5" coveredstatements="0" conditionals="4" coveredconditionals="0" methods="3" coveredmethods="0"/>
        <line num="5" count="0" type="stmt"/>
        <line num="11" count="0" type="cond" truecount="0" falsecount="2"/>
        <line num="12" count="0" type="stmt"/>
        <line num="13" count="0" type="cond" truecount="0" falsecount="2"/>
        <line num="14" count="0" type="stmt"/>
      </file>
    </package>
    <package name="lib.components.field">
      <metrics statements="7" coveredstatements="7" conditionals="2" coveredconditionals="2" methods="3" coveredmethods="3"/>
      <file name="ix-field.svelte" path="E:\ironyx\ironyx-design-system\src\design-system\src\lib\components\field\ix-field.svelte">
        <metrics statements="7" coveredstatements="7" conditionals="2" coveredconditionals="2" methods="3" coveredmethods="3"/>
        <line num="7" count="8" type="stmt"/>
        <line num="10" count="19" type="stmt"/>
        <line num="13" count="8" type="stmt"/>
        <line num="14" count="8" type="stmt"/>
        <line num="17" count="11" type="cond" truecount="2" falsecount="0"/>
        <line num="18" count="3" type="stmt"/>
        <line num="20" count="7" type="stmt"/>
      </file>
    </package>
    <package name="lib.components.input">
      <metrics statements="8" coveredstatements="7" conditionals="2" coveredconditionals="1" methods="8" coveredmethods="7"/>
      <file name="ix_input.svelte" path="E:\ironyx\ironyx-design-system\src\design-system\src\lib\components\input\ix_input.svelte">
        <metrics statements="8" coveredstatements="7" conditionals="2" coveredconditionals="1" methods="8" coveredmethods="7"/>
        <line num="6" count="4" type="stmt"/>
        <line num="10" count="4" type="stmt"/>
        <line num="11" count="4" type="stmt"/>
        <line num="14" count="4" type="stmt"/>
        <line num="15" count="4" type="cond" truecount="1" falsecount="1"/>
        <line num="16" count="0" type="stmt"/>
        <line num="18" count="7" type="stmt"/>
        <line num="19" count="4" type="stmt"/>
      </file>
    </package>
    <package name="lib.components.select">
      <metrics statements="12" coveredstatements="1" conditionals="7" coveredconditionals="0" methods="15" coveredmethods="0"/>
      <file name="ix_select.svelte" path="E:\ironyx\ironyx-design-system\src\design-system\src\lib\components\select\ix_select.svelte">
        <metrics statements="12" coveredstatements="1" conditionals="7" coveredconditionals="0" methods="15" coveredmethods="0"/>
        <line num="7" count="0" type="stmt"/>
        <line num="10" count="0" type="stmt"/>
        <line num="11" count="0" type="stmt"/>
        <line num="14" count="1" type="cond" truecount="0" falsecount="1"/>
        <line num="15" count="0" type="cond" truecount="0" falsecount="4"/>
        <line num="19" count="0" type="stmt"/>
        <line num="20" count="0" type="cond" truecount="0" falsecount="2"/>
        <line num="21" count="0" type="stmt"/>
        <line num="23" count="0" type="stmt"/>
        <line num="24" count="0" type="stmt"/>
        <line num="25" count="0" type="stmt"/>
        <line num="26" count="0" type="stmt"/>
      </file>
    </package>
    <package name="lib.forms">
      <metrics statements="1" coveredstatements="1" conditionals="0" coveredconditionals="0" methods="0" coveredmethods="0"/>
      <file name="constants.ts" path="E:\ironyx\ironyx-design-system\src\design-system\src\lib\forms\constants.ts">
        <metrics statements="1" coveredstatements="1" conditionals="0" coveredconditionals="0" methods="0" coveredmethods="0"/>
        <line num="1" count="2" type="stmt"/>
      </file>
    </package>
    <package name="lib.forms.field">
      <metrics statements="22" coveredstatements="19" conditionals="9" coveredconditionals="7" methods="7" coveredmethods="7"/>
      <file name="field.svelte.ts" path="E:\ironyx\ironyx-design-system\src\design-system\src\lib\forms\field\field.svelte.ts">
        <metrics statements="22" coveredstatements="19" conditionals="9" coveredconditionals="7" methods="7" coveredmethods="7"/>
        <line num="6" count="4" type="stmt"/>
        <line num="8" count="4" type="stmt"/>
        <line num="10" count="4" type="stmt"/>
        <line num="11" count="4" type="stmt"/>
        <line num="14" count="7" type="stmt"/>
        <line num="17" count="21" type="stmt"/>
        <line num="21" count="4" type="cond" truecount="1" falsecount="1"/>
        <line num="23" count="7" type="stmt"/>
        <line num="27" count="7" type="stmt"/>
        <line num="29" count="7" type="cond" truecount="1" falsecount="1"/>
        <line num="30" count="0" type="stmt"/>
        <line num="31" count="0" type="stmt"/>
        <line num="32" count="0" type="stmt"/>
        <line num="35" count="7" type="cond" truecount="2" falsecount="0"/>
        <line num="37" count="4" type="stmt"/>
        <line num="38" count="4" type="stmt"/>
        <line num="41" count="3" type="stmt"/>
        <line num="42" count="3" type="stmt"/>
        <line num="43" count="3" type="cond" truecount="2" falsecount="0"/>
        <line num="44" count="2" type="stmt"/>
        <line num="45" count="2" type="stmt"/>
        <line num="49" count="1" type="stmt"/>
      </file>
    </package>
    <package name="lib.forms.field_context">
      <metrics statements="1" coveredstatements="1" conditionals="0" coveredconditionals="0" methods="1" coveredmethods="1"/>
      <file name="field_context.ts" path="E:\ironyx\ironyx-design-system\src\design-system\src\lib\forms\field_context\field_context.ts">
        <metrics statements="1" coveredstatements="1" conditionals="0" coveredconditionals="0" methods="1" coveredmethods="1"/>
        <line num="5" count="19" type="stmt"/>
      </file>
    </package>
    <package name="lib.forms.form">
      <metrics statements="3" coveredstatements="3" conditionals="0" coveredconditionals="0" methods="5" coveredmethods="5"/>
      <file name="form.svelte.ts" path="E:\ironyx\ironyx-design-system\src\design-system\src\lib\forms\form\form.svelte.ts">
        <metrics statements="3" coveredstatements="3" conditionals="0" coveredconditionals="0" methods="5" coveredmethods="5"/>
        <line num="10" count="2" type="stmt"/>
        <line num="12" count="1" type="stmt"/>
        <line num="13" count="1" type="stmt"/>
      </file>
    </package>
    <package name="lib.forms.validation_state">
      <metrics statements="8" coveredstatements="8" conditionals="0" coveredconditionals="0" methods="4" coveredmethods="4"/>
      <file name="validation_state.ts" path="E:\ironyx\ironyx-design-system\src\design-system\src\lib\forms\validation_state\validation_state.ts">
        <metrics statements="4" coveredstatements="4" conditionals="0" coveredconditionals="0" methods="3" coveredmethods="3"/>
        <line num="8" count="4" type="stmt"/>
        <line num="10" count="4" type="stmt"/>
        <line num="14" count="5" type="stmt"/>
        <line num="18" count="8" type="stmt"/>
      </file>
      <file name="validation_status.ts" path="E:\ironyx\ironyx-design-system\src\design-system\src\lib\forms\validation_state\validation_status.ts">
        <metrics statements="4" coveredstatements="4" conditionals="0" coveredconditionals="0" methods="1" coveredmethods="1"/>
        <line num="1" count="4" type="stmt"/>
        <line num="2" count="4" type="stmt"/>
        <line num="3" count="4" type="stmt"/>
        <line num="4" count="4" type="stmt"/>
      </file>
    </package>
    <package name="lib.forms.validators.required_validator">
      <metrics statements="3" coveredstatements="3" conditionals="6" coveredconditionals="6" methods="2" coveredmethods="2"/>
      <file name="required_validator.ts" path="E:\ironyx\ironyx-design-system\src\design-system\src\lib\forms\validators\required_validator\required_validator.ts">
        <metrics statements="3" coveredstatements="3" conditionals="6" coveredconditionals="6" methods="2" coveredmethods="2"/>
        <line num="5" count="6" type="cond" truecount="1" falsecount="0"/>
        <line num="8" count="6" type="cond" truecount="5" falsecount="0"/>
        <line num="10" count="1" type="stmt"/>
      </file>
    </package>
  </project>
</coverage>
