{"E:\\ironyx\\ironyx-design-system\\src\\design-system\\src\\lib\\index.ts": {"path":"E:\\ironyx\\ironyx-design-system\\src\\design-system\\src\\lib\\index.ts","statementMap":{},"fnMap":{},"branchMap":{},"s":{},"f":{},"b":{},"meta":{"lastBranch":0,"lastFunction":0,"lastStatement":0,"seen":{},"fnNames":{}}}
,"E:\\ironyx\\ironyx-design-system\\src\\design-system\\src\\lib\\__test_utils\\field.faker.ts": {"path":"E:\\ironyx\\ironyx-design-system\\src\\design-system\\src\\lib\\__test_utils\\field.faker.ts","statementMap":{"0":{"start":{"line":8,"column":4},"end":{"line":17,"column":null}},"1":{"start":{"line":21,"column":4},"end":{"line":21,"column":null}},"2":{"start":{"line":25,"column":19},"end":{"line":25,"column":null}},"3":{"start":{"line":26,"column":4},"end":{"line":26,"column":null}},"4":{"start":{"line":27,"column":4},"end":{"line":27,"column":null}},"5":{"start":{"line":28,"column":4},"end":{"line":28,"column":null}},"6":{"start":{"line":30,"column":4},"end":{"line":30,"column":null}},"7":{"start":{"line":34,"column":19},"end":{"line":34,"column":null}},"8":{"start":{"line":35,"column":4},"end":{"line":35,"column":null}},"9":{"start":{"line":36,"column":4},"end":{"line":36,"column":null}},"10":{"start":{"line":37,"column":4},"end":{"line":37,"column":null}},"11":{"start":{"line":39,"column":4},"end":{"line":39,"column":null}}},"fnMap":{"0":{"name":"generate","decl":{"start":{"line":7,"column":17},"end":{"line":7,"column":37}},"loc":{"start":{"line":7,"column":37},"end":{"line":18,"column":null}},"line":7},"1":{"name":"random","decl":{"start":{"line":20,"column":16},"end":{"line":20,"column":41}},"loc":{"start":{"line":20,"column":41},"end":{"line":22,"column":null}},"line":20},"2":{"name":"valid","decl":{"start":{"line":24,"column":16},"end":{"line":24,"column":39}},"loc":{"start":{"line":24,"column":39},"end":{"line":31,"column":null}},"line":24},"3":{"name":"invalid","decl":{"start":{"line":33,"column":16},"end":{"line":33,"column":24}},"loc":{"start":{"line":33,"column":54},"end":{"line":40,"column":null}},"line":33}},"branchMap":{},"s":{"0":6,"1":4,"2":1,"3":1,"4":1,"5":1,"6":1,"7":1,"8":1,"9":1,"10":1,"11":1},"f":{"0":2,"1":2,"2":2,"3":2},"b":{},"meta":{"lastBranch":0,"lastFunction":4,"lastStatement":12,"seen":{"f:7:17:7:37":0,"s:8:4:17:Infinity":0,"f:20:16:20:41":1,"s:21:4:21:Infinity":1,"f:24:16:24:39":2,"s:25:19:25:Infinity":2,"s:26:4:26:Infinity":3,"s:27:4:27:Infinity":4,"s:28:4:28:Infinity":5,"s:30:4:30:Infinity":6,"f:33:16:33:24":3,"s:34:19:34:Infinity":7,"s:35:4:35:Infinity":8,"s:36:4:36:Infinity":9,"s:37:4:37:Infinity":10,"s:39:4:39:Infinity":11},"fnNames":{}}}
,"E:\\ironyx\\ironyx-design-system\\src\\design-system\\src\\lib\\__test_utils\\test_field.svelte": {"path":"E:\\ironyx\\ironyx-design-system\\src\\design-system\\src\\lib\\__test_utils\\test_field.svelte","statementMap":{"0":{"start":{"line":7,"column":15},"end":{"line":7,"column":null}},"1":{"start":{"line":10,"column":1},"end":{"line":16,"column":null}},"2":{"start":{"line":10,"column":16},"end":{"line":10,"column":null}},"3":{"start":{"line":11,"column":5},"end":{"line":11,"column":null}},"4":{"start":{"line":13,"column":9},"end":{"line":13,"column":null}},"5":{"start":{"line":13,"column":5},"end":{"line":13,"column":null}},"6":{"start":{"line":12,"column":9},"end":{"line":12,"column":null}},"7":{"start":{"line":12,"column":20},"end":{"line":12,"column":null}},"8":{"start":{"line":17,"column":9},"end":{"line":17,"column":null}},"9":{"start":{"line":17,"column":5},"end":{"line":17,"column":null}},"10":{"start":{"line":16,"column":9},"end":{"line":16,"column":null}},"11":{"start":{"line":16,"column":22},"end":{"line":16,"column":null}}},"fnMap":{"0":{"name":"Test_field","decl":{"start":{"line":1,"column":0},"end":{"line":1,"column":null}},"loc":{"start":{"line":1,"column":0},"end":{"line":8,"column":null}},"line":1},"1":{"name":"(anonymous_1)","decl":{"start":{"line":10,"column":1},"end":{"line":10,"column":8}},"loc":{"start":{"line":10,"column":1},"end":{"line":16,"column":null}},"line":10},"2":{"name":"(anonymous_2)","decl":{"start":{"line":11,"column":5},"end":{"line":11,"column":12}},"loc":{"start":{"line":11,"column":5},"end":{"line":11,"column":null}},"line":11}},"branchMap":{"0":{"loc":{"start":{"line":12,"column":9},"end":{"line":12,"column":null}},"type":"if","locations":[{"start":{"line":12,"column":9},"end":{"line":12,"column":null}},{"start":{},"end":{}}],"line":12},"1":{"loc":{"start":{"line":16,"column":9},"end":{"line":16,"column":null}},"type":"if","locations":[{"start":{"line":16,"column":9},"end":{"line":16,"column":null}},{"start":{},"end":{}}],"line":16}},"s":{"0":4,"1":4,"2":28,"3":4,"4":1,"5":1,"6":7,"7":1,"8":2,"9":2,"10":7,"11":2},"f":{"0":4,"1":4,"2":4},"b":{"0":[1,6],"1":[2,5]},"meta":{"lastBranch":2,"lastFunction":3,"lastStatement":12,"seen":{"f:1:0:1:Infinity":0,"s:7:15:7:Infinity":0,"f:10:1:10:8":1,"s:10:1:16:Infinity":1,"s:10:16:10:Infinity":2,"s:11:5:11:Infinity":3,"f:11:5:11:12":2,"s:13:9:13:Infinity":4,"s:13:5:13:Infinity":5,"b:12:9:12:Infinity:undefined:undefined:undefined:undefined":0,"s:12:9:12:Infinity":6,"s:12:20:12:Infinity":7,"s:17:9:17:Infinity":8,"s:17:5:17:Infinity":9,"b:16:9:16:Infinity:undefined:undefined:undefined:undefined":1,"s:16:9:16:Infinity":10,"s:16:22:16:Infinity":11},"fnNames":{}}}
,"E:\\ironyx\\ironyx-design-system\\src\\design-system\\src\\lib\\components\\button\\button_variants.ts": {"path":"E:\\ironyx\\ironyx-design-system\\src\\design-system\\src\\lib\\components\\button\\button_variants.ts","statementMap":{"0":{"start":{"line":1,"column":7},"end":{"line":5,"column":null}},"1":{"start":{"line":2,"column":2},"end":{"line":2,"column":null}},"2":{"start":{"line":3,"column":2},"end":{"line":3,"column":null}},"3":{"start":{"line":4,"column":2},"end":{"line":4,"column":null}}},"fnMap":{"0":{"name":"(anonymous_0)","decl":{"start":{"line":1,"column":7},"end":{"line":1,"column":12}},"loc":{"start":{"line":1,"column":7},"end":{"line":5,"column":null}},"line":1}},"branchMap":{},"s":{"0":1,"1":1,"2":1,"3":1},"f":{"0":1},"b":{},"meta":{"lastBranch":0,"lastFunction":1,"lastStatement":4,"seen":{"s:1:7:5:Infinity":0,"f:1:7:1:12":0,"s:2:2:2:Infinity":1,"s:3:2:3:Infinity":2,"s:4:2:4:Infinity":3},"fnNames":{}}}
,"E:\\ironyx\\ironyx-design-system\\src\\design-system\\src\\lib\\components\\button\\ix-button.svelte": {"path":"E:\\ironyx\\ironyx-design-system\\src\\design-system\\src\\lib\\components\\button\\ix-button.svelte","statementMap":{"0":{"start":{"line":5,"column":33},"end":{"line":5,"column":40}},"1":{"start":{"line":5,"column":48},"end":{"line":5,"column":null}},"2":{"start":{"line":11,"column":7},"end":{"line":11,"column":51}},"3":{"start":{"line":12,"column":8},"end":{"line":11,"column":51}},"4":{"start":{"line":12,"column":5},"end":{"line":12,"column":null}},"5":{"start":{"line":14,"column":14},"end":{"line":14,"column":23}},"6":{"start":{"line":14,"column":13},"end":{"line":14,"column":null}},"7":{"start":{"line":14,"column":13},"end":{"line":14,"column":23}},"8":{"start":{"line":13,"column":13},"end":{"line":13,"column":null}},"9":{"start":{"line":13,"column":24},"end":{"line":13,"column":null}},"10":{"start":{"line":11,"column":1},"end":{"line":11,"column":51}},"11":{"start":{"line":11,"column":1},"end":{"line":11,"column":null}}},"fnMap":{"0":{"name":"Ix_button","decl":{"start":{"line":1,"column":0},"end":{"line":1,"column":null}},"loc":{"start":{"line":1,"column":0},"end":{"line":9,"column":null}},"line":1},"1":{"name":"(anonymous_1)","decl":{"start":{"line":14,"column":13},"end":{"line":14,"column":14}},"loc":{"start":{"line":14,"column":13},"end":{"line":14,"column":null}},"line":14},"2":{"name":"(anonymous_2)","decl":{"start":{"line":11,"column":7},"end":{"line":11,"column":51}},"loc":{"start":{"line":11,"column":7},"end":{"line":11,"column":51}},"line":11}},"branchMap":{"0":{"loc":{"start":{"line":13,"column":13},"end":{"line":13,"column":null}},"type":"if","locations":[{"start":{"line":13,"column":13},"end":{"line":13,"column":null}},{"start":{},"end":{}}],"line":13},"1":{"loc":{"start":{"line":11,"column":7},"end":{"line":11,"column":51}},"type":"binary-expr","locations":[{"start":{"line":11,"column":7},"end":{"line":11,"column":51}},{"start":{"line":11,"column":7},"end":{"line":11,"column":51}}],"line":11}},"s":{"0":0,"1":0,"2":0,"3":0,"4":0,"5":0,"6":0,"7":0,"8":0,"9":0,"10":0,"11":0},"f":{"0":0,"1":0,"2":0},"b":{"0":[0,0],"1":[0,0]},"meta":{"lastBranch":2,"lastFunction":3,"lastStatement":12,"seen":{"f:1:0:1:Infinity":0,"s:5:33:5:40":0,"s:5:48:5:Infinity":1,"s:11:7:11:51":2,"s:12:8:11:51":3,"s:12:5:12:Infinity":4,"s:14:14:14:23":5,"s:14:13:14:Infinity":6,"f:14:13:14:14":1,"s:14:13:14:23":7,"b:13:13:13:Infinity:undefined:undefined:undefined:undefined":0,"s:13:13:13:Infinity":8,"s:13:24:13:Infinity":9,"s:11:1:11:51":10,"b:11:7:11:51:11:7:11:51":1,"s:11:1:11:Infinity":11,"f:11:7:11:51":2},"fnNames":{}}}
,"E:\\ironyx\\ironyx-design-system\\src\\design-system\\src\\lib\\components\\field\\ix-field.svelte": {"path":"E:\\ironyx\\ironyx-design-system\\src\\design-system\\src\\lib\\components\\field\\ix-field.svelte","statementMap":{"0":{"start":{"line":7,"column":66},"end":{"line":7,"column":76}},"1":{"start":{"line":7,"column":80},"end":{"line":7,"column":94}},"2":{"start":{"line":7,"column":102},"end":{"line":7,"column":null}},"3":{"start":{"line":10,"column":4},"end":{"line":10,"column":null}},"4":{"start":{"line":10,"column":36},"end":{"line":10,"column":null}},"5":{"start":{"line":13,"column":4},"end":{"line":13,"column":null}},"6":{"start":{"line":14,"column":9},"end":{"line":13,"column":null}},"7":{"start":{"line":14,"column":5},"end":{"line":14,"column":null}},"8":{"start":{"line":18,"column":9},"end":{"line":18,"column":45}},"9":{"start":{"line":18,"column":5},"end":{"line":18,"column":45}},"10":{"start":{"line":18,"column":45},"end":{"line":18,"column":null}},"11":{"start":{"line":20,"column":9},"end":{"line":20,"column":51}},"12":{"start":{"line":20,"column":5},"end":{"line":20,"column":51}},"13":{"start":{"line":20,"column":5},"end":{"line":20,"column":62}},"14":{"start":{"line":20,"column":62},"end":{"line":20,"column":null}},"15":{"start":{"line":17,"column":15},"end":{"line":17,"column":null}},"16":{"start":{"line":17,"column":22},"end":{"line":17,"column":null}},"17":{"start":{"line":13,"column":1},"end":{"line":13,"column":null}},"18":{"start":{"line":14,"column":5},"end":{"line":15,"column":null}}},"fnMap":{"0":{"name":"Ix_field","decl":{"start":{"line":1,"column":0},"end":{"line":1,"column":null}},"loc":{"start":{"line":1,"column":0},"end":{"line":11,"column":null}},"line":1},"1":{"name":"(anonymous_1)","decl":{"start":{"line":10,"column":28},"end":{"line":10,"column":36}},"loc":{"start":{"line":10,"column":36},"end":{"line":10,"column":null}},"line":10},"2":{"name":"(anonymous_2)","decl":{"start":{"line":18,"column":45},"end":{"line":18,"column":60}},"loc":{"start":{"line":18,"column":45},"end":{"line":18,"column":null}},"line":18}},"branchMap":{"0":{"loc":{"start":{"line":17,"column":15},"end":{"line":17,"column":null}},"type":"if","locations":[{"start":{"line":17,"column":15},"end":{"line":17,"column":null}},{"start":{"line":17,"column":22},"end":{"line":17,"column":null}}],"line":17}},"s":{"0":8,"1":8,"2":8,"3":8,"4":19,"5":8,"6":8,"7":8,"8":3,"9":3,"10":3,"11":7,"12":7,"13":7,"14":7,"15":11,"16":8,"17":8,"18":8},"f":{"0":8,"1":19,"2":3},"b":{"0":[3,8]},"meta":{"lastBranch":1,"lastFunction":3,"lastStatement":19,"seen":{"f:1:0:1:Infinity":0,"s:7:66:7:76":0,"s:7:80:7:94":1,"s:7:102:7:Infinity":2,"s:10:4:10:Infinity":3,"f:10:28:10:36":1,"s:10:36:10:Infinity":4,"s:13:4:13:Infinity":5,"s:14:9:13:Infinity":6,"s:14:5:14:Infinity":7,"s:18:9:18:45":8,"s:18:5:18:45":9,"s:18:45:18:Infinity":10,"f:18:45:18:60":2,"s:20:9:20:51":11,"s:20:5:20:51":12,"s:20:5:20:62":13,"s:20:62:20:Infinity":14,"b:17:15:17:Infinity:17:22:17:Infinity":0,"s:17:15:17:Infinity":15,"s:17:22:17:Infinity":16,"s:13:1:13:Infinity":17,"s:14:5:15:Infinity":18},"fnNames":{}}}
,"E:\\ironyx\\ironyx-design-system\\src\\design-system\\src\\lib\\components\\input\\ix_input.svelte": {"path":"E:\\ironyx\\ironyx-design-system\\src\\design-system\\src\\lib\\components\\input\\ix_input.svelte","statementMap":{"0":{"start":{"line":6,"column":21},"end":{"line":6,"column":28}},"1":{"start":{"line":6,"column":32},"end":{"line":6,"column":null}},"2":{"start":{"line":10,"column":22},"end":{"line":10,"column":null}},"3":{"start":{"line":11,"column":20},"end":{"line":11,"column":null}},"4":{"start":{"line":14,"column":4},"end":{"line":14,"column":80}},"5":{"start":{"line":14,"column":1},"end":{"line":14,"column":80}},"6":{"start":{"line":16,"column":10},"end":{"line":16,"column":19}},"7":{"start":{"line":16,"column":9},"end":{"line":16,"column":null}},"8":{"start":{"line":16,"column":9},"end":{"line":16,"column":19}},"9":{"start":{"line":15,"column":9},"end":{"line":15,"column":null}},"10":{"start":{"line":15,"column":20},"end":{"line":15,"column":null}},"11":{"start":{"line":18,"column":10},"end":{"line":18,"column":46}},"12":{"start":{"line":18,"column":5},"end":{"line":18,"column":46}},"13":{"start":{"line":19,"column":24},"end":{"line":19,"column":38}},"14":{"start":{"line":19,"column":24},"end":{"line":19,"column":37}},"15":{"start":{"line":19,"column":37},"end":{"line":19,"column":38}},"16":{"start":{"line":18,"column":5},"end":{"line":18,"column":70}},"17":{"start":{"line":14,"column":80},"end":{"line":14,"column":100}},"18":{"start":{"line":18,"column":70},"end":{"line":18,"column":90}},"19":{"start":{"line":18,"column":107},"end":{"line":18,"column":null}},"20":{"start":{"line":19,"column":24},"end":{"line":19,"column":null}}},"fnMap":{"0":{"name":"Ix_input","decl":{"start":{"line":1,"column":0},"end":{"line":1,"column":null}},"loc":{"start":{"line":1,"column":0},"end":{"line":12,"column":null}},"line":1},"1":{"name":"(anonymous_1)","decl":{"start":{"line":16,"column":9},"end":{"line":16,"column":10}},"loc":{"start":{"line":16,"column":9},"end":{"line":16,"column":null}},"line":16},"2":{"name":"(anonymous_2)","decl":{"start":{"line":19,"column":24},"end":{"line":19,"column":31}},"loc":{"start":{"line":19,"column":24},"end":{"line":19,"column":37}},"line":19},"3":{"name":"(anonymous_3)","decl":{"start":{"line":19,"column":37},"end":{"line":19,"column":38}},"loc":{"start":{"line":19,"column":37},"end":{"line":19,"column":38}},"line":19},"4":{"name":"(anonymous_4)","decl":{"start":{"line":14,"column":80},"end":{"line":14,"column":89}},"loc":{"start":{"line":14,"column":80},"end":{"line":14,"column":100}},"line":14},"5":{"name":"(anonymous_5)","decl":{"start":{"line":18,"column":70},"end":{"line":18,"column":79}},"loc":{"start":{"line":18,"column":70},"end":{"line":18,"column":90}},"line":18},"6":{"name":"(anonymous_6)","decl":{"start":{"line":18,"column":107},"end":{"line":18,"column":116}},"loc":{"start":{"line":18,"column":107},"end":{"line":18,"column":null}},"line":18},"7":{"name":"get","decl":{"start":{"line":19,"column":12},"end":{"line":19,"column":22}},"loc":{"start":{"line":19,"column":22},"end":{"line":19,"column":null}},"line":19}},"branchMap":{"0":{"loc":{"start":{"line":15,"column":9},"end":{"line":15,"column":null}},"type":"if","locations":[{"start":{"line":15,"column":9},"end":{"line":15,"column":null}},{"start":{},"end":{}}],"line":15}},"s":{"0":4,"1":4,"2":4,"3":4,"4":4,"5":4,"6":0,"7":0,"8":0,"9":4,"10":0,"11":4,"12":6,"13":4,"14":4,"15":4,"16":6,"17":4,"18":4,"19":7,"20":3},"f":{"0":4,"1":0,"2":4,"3":4,"4":4,"5":4,"6":7,"7":17},"b":{"0":[0,4]},"meta":{"lastBranch":1,"lastFunction":8,"lastStatement":21,"seen":{"f:1:0:1:Infinity":0,"s:6:21:6:28":0,"s:6:32:6:Infinity":1,"s:10:22:10:Infinity":2,"s:11:20:11:Infinity":3,"s:14:4:14:80":4,"s:14:1:14:80":5,"s:16:10:16:19":6,"s:16:9:16:Infinity":7,"f:16:9:16:10":1,"s:16:9:16:19":8,"b:15:9:15:Infinity:undefined:undefined:undefined:undefined":0,"s:15:9:15:Infinity":9,"s:15:20:15:Infinity":10,"s:18:10:18:46":11,"s:18:5:18:46":12,"s:19:24:19:38":13,"f:19:24:19:31":2,"s:19:24:19:37":14,"f:19:37:19:38":3,"s:19:37:19:38":15,"s:18:5:18:70":16,"f:14:80:14:89":4,"s:14:80:14:100":17,"f:18:70:18:79":5,"s:18:70:18:90":18,"f:18:107:18:116":6,"s:18:107:18:Infinity":19,"f:19:12:19:22":7,"s:19:24:19:Infinity":20},"fnNames":{}}}
,"E:\\ironyx\\ironyx-design-system\\src\\design-system\\src\\lib\\components\\select\\ix_select.svelte": {"path":"E:\\ironyx\\ironyx-design-system\\src\\design-system\\src\\lib\\components\\select\\ix_select.svelte","statementMap":{"0":{"start":{"line":14,"column":31},"end":{"line":15,"column":16}},"1":{"start":{"line":15,"column":8},"end":{"line":15,"column":16}},"2":{"start":{"line":15,"column":2},"end":{"line":15,"column":16}},"3":{"start":{"line":15,"column":2},"end":{"line":15,"column":55}},"4":{"start":{"line":15,"column":55},"end":{"line":15,"column":null}},"5":{"start":{"line":15,"column":16},"end":{"line":15,"column":16}},"6":{"start":{"line":7,"column":14},"end":{"line":7,"column":21}},"7":{"start":{"line":7,"column":28},"end":{"line":7,"column":35}},"8":{"start":{"line":7,"column":49},"end":{"line":7,"column":null}},"9":{"start":{"line":10,"column":22},"end":{"line":10,"column":null}},"10":{"start":{"line":11,"column":20},"end":{"line":11,"column":null}},"11":{"start":{"line":19,"column":4},"end":{"line":19,"column":null}},"12":{"start":{"line":19,"column":1},"end":{"line":19,"column":null}},"13":{"start":{"line":21,"column":10},"end":{"line":21,"column":19}},"14":{"start":{"line":21,"column":9},"end":{"line":21,"column":null}},"15":{"start":{"line":21,"column":9},"end":{"line":21,"column":19}},"16":{"start":{"line":20,"column":9},"end":{"line":20,"column":null}},"17":{"start":{"line":20,"column":20},"end":{"line":20,"column":null}},"18":{"start":{"line":23,"column":11},"end":{"line":23,"column":12}},"19":{"start":{"line":23,"column":5},"end":{"line":26,"column":null}},"20":{"start":{"line":23,"column":5},"end":{"line":23,"column":12}},"21":{"start":{"line":25,"column":15},"end":{"line":26,"column":null}},"22":{"start":{"line":25,"column":34},"end":{"line":25,"column":40}},"23":{"start":{"line":26,"column":21},"end":{"line":26,"column":null}},"24":{"start":{"line":26,"column":36},"end":{"line":26,"column":42}},"25":{"start":{"line":23,"column":24},"end":{"line":23,"column":38}},"26":{"start":{"line":23,"column":24},"end":{"line":23,"column":37}},"27":{"start":{"line":23,"column":37},"end":{"line":23,"column":38}},"28":{"start":{"line":24,"column":18},"end":{"line":24,"column":38}},"29":{"start":{"line":24,"column":54},"end":{"line":24,"column":79}},"30":{"start":{"line":23,"column":24},"end":{"line":23,"column":null}}},"fnMap":{"0":{"name":"(anonymous_0)","decl":{"start":{"line":14,"column":31},"end":{"line":14,"column":32}},"loc":{"start":{"line":14,"column":51},"end":{"line":15,"column":16}},"line":14},"1":{"name":"Ix_select","decl":{"start":{"line":1,"column":0},"end":{"line":1,"column":null}},"loc":{"start":{"line":1,"column":0},"end":{"line":12,"column":null}},"line":1},"2":{"name":"(anonymous_2)","decl":{"start":{"line":7,"column":28},"end":{"line":7,"column":35}},"loc":{"start":{"line":7,"column":28},"end":{"line":7,"column":35}},"line":7},"3":{"name":"(anonymous_3)","decl":{"start":{"line":21,"column":9},"end":{"line":21,"column":10}},"loc":{"start":{"line":21,"column":9},"end":{"line":21,"column":null}},"line":21},"4":{"name":"(anonymous_4)","decl":{"start":{"line":23,"column":11},"end":{"line":23,"column":12}},"loc":{"start":{"line":23,"column":11},"end":{"line":26,"column":null}},"line":23},"5":{"name":"(anonymous_5)","decl":{"start":{"line":25,"column":15},"end":{"line":25,"column":22}},"loc":{"start":{"line":25,"column":15},"end":{"line":26,"column":null}},"line":25},"6":{"name":"(anonymous_6)","decl":{"start":{"line":25,"column":22},"end":{"line":25,"column":26}},"loc":{"start":{"line":25,"column":34},"end":{"line":25,"column":40}},"line":25},"7":{"name":"(anonymous_7)","decl":{"start":{"line":25,"column":40},"end":{"line":25,"column":null}},"loc":{"start":{"line":25,"column":32},"end":{"line":26,"column":null}},"line":25},"8":{"name":"(anonymous_8)","decl":{"start":{"line":26,"column":21},"end":{"line":26,"column":35}},"loc":{"start":{"line":26,"column":21},"end":{"line":26,"column":null}},"line":26},"9":{"name":"(anonymous_9)","decl":{"start":{"line":26,"column":35},"end":{"line":26,"column":36}},"loc":{"start":{"line":26,"column":36},"end":{"line":26,"column":42}},"line":26},"10":{"name":"(anonymous_10)","decl":{"start":{"line":23,"column":24},"end":{"line":23,"column":31}},"loc":{"start":{"line":23,"column":24},"end":{"line":23,"column":37}},"line":23},"11":{"name":"(anonymous_11)","decl":{"start":{"line":23,"column":37},"end":{"line":23,"column":38}},"loc":{"start":{"line":23,"column":37},"end":{"line":23,"column":38}},"line":23},"12":{"name":"(anonymous_12)","decl":{"start":{"line":24,"column":18},"end":{"line":24,"column":27}},"loc":{"start":{"line":24,"column":18},"end":{"line":24,"column":38}},"line":24},"13":{"name":"(anonymous_13)","decl":{"start":{"line":24,"column":38},"end":{"line":24,"column":54}},"loc":{"start":{"line":24,"column":54},"end":{"line":24,"column":79}},"line":24},"14":{"name":"get","decl":{"start":{"line":23,"column":12},"end":{"line":23,"column":22}},"loc":{"start":{"line":23,"column":22},"end":{"line":23,"column":null}},"line":23}},"branchMap":{"0":{"loc":{"start":{"line":14,"column":32},"end":{"line":14,"column":null}},"type":"default-arg","locations":[{"start":{"line":14,"column":51},"end":{"line":14,"column":null}}],"line":14},"1":{"loc":{"start":{"line":15,"column":16},"end":{"line":15,"column":16}},"type":"if","locations":[{"start":{"line":15,"column":16},"end":{"line":15,"column":16}},{"start":{},"end":{}}],"line":15},"2":{"loc":{"start":{"line":15,"column":8},"end":{"line":15,"column":16}},"type":"binary-expr","locations":[{"start":{"line":15,"column":2},"end":{"line":15,"column":16}},{"start":{"line":15,"column":8},"end":{"line":15,"column":16}}],"line":15},"3":{"loc":{"start":{"line":20,"column":9},"end":{"line":20,"column":null}},"type":"if","locations":[{"start":{"line":20,"column":9},"end":{"line":20,"column":null}},{"start":{},"end":{}}],"line":20}},"s":{"0":1,"1":0,"2":0,"3":0,"4":0,"5":0,"6":0,"7":0,"8":0,"9":0,"10":0,"11":0,"12":0,"13":0,"14":0,"15":0,"16":0,"17":0,"18":0,"19":0,"20":0,"21":0,"22":0,"23":0,"24":0,"25":0,"26":0,"27":0,"28":0,"29":0,"30":0},"f":{"0":0,"1":0,"2":0,"3":0,"4":0,"5":0,"6":0,"7":0,"8":0,"9":0,"10":0,"11":0,"12":0,"13":0,"14":0},"b":{"0":[0],"1":[0,0],"2":[0,0],"3":[0,0]},"meta":{"lastBranch":4,"lastFunction":15,"lastStatement":31,"seen":{"s:14:31:15:16":0,"f:14:31:14:32":0,"b:14:51:14:Infinity":0,"s:15:8:15:16":1,"s:15:2:15:16":2,"s:15:2:15:55":3,"s:15:55:15:Infinity":4,"b:15:16:15:16:undefined:undefined:undefined:undefined":1,"s:15:16:15:16":5,"b:15:2:15:16:15:8:15:16":2,"f:1:0:1:Infinity":1,"s:7:14:7:21":6,"s:7:28:7:35":7,"f:7:28:7:35":2,"s:7:49:7:Infinity":8,"s:10:22:10:Infinity":9,"s:11:20:11:Infinity":10,"s:19:4:19:Infinity":11,"s:19:1:19:Infinity":12,"s:21:10:21:19":13,"s:21:9:21:Infinity":14,"f:21:9:21:10":3,"s:21:9:21:19":15,"b:20:9:20:Infinity:undefined:undefined:undefined:undefined":3,"s:20:9:20:Infinity":16,"s:20:20:20:Infinity":17,"s:23:11:23:12":18,"s:23:5:26:Infinity":19,"f:23:11:23:12":4,"s:23:5:23:12":20,"f:25:15:25:22":5,"s:25:15:26:Infinity":21,"f:25:22:25:26":6,"s:25:34:25:40":22,"f:25:40:25:Infinity":7,"s:26:21:26:Infinity":23,"f:26:21:26:35":8,"f:26:35:26:36":9,"s:26:36:26:42":24,"s:23:24:23:38":25,"f:23:24:23:31":10,"s:23:24:23:37":26,"f:23:37:23:38":11,"s:23:37:23:38":27,"f:24:18:24:27":12,"s:24:18:24:38":28,"f:24:38:24:54":13,"s:24:54:24:79":29,"f:23:12:23:22":14,"s:23:24:23:Infinity":30},"fnNames":{}}}
,"E:\\ironyx\\ironyx-design-system\\src\\design-system\\src\\lib\\forms\\constants.ts": {"path":"E:\\ironyx\\ironyx-design-system\\src\\design-system\\src\\lib\\forms\\constants.ts","statementMap":{"0":{"start":{"line":1,"column":29},"end":{"line":1,"column":null}}},"fnMap":{},"branchMap":{},"s":{"0":2},"f":{},"b":{},"meta":{"lastBranch":0,"lastFunction":0,"lastStatement":1,"seen":{"s:1:29:1:Infinity":0},"fnNames":{}}}
,"E:\\ironyx\\ironyx-design-system\\src\\design-system\\src\\lib\\forms\\field\\field.svelte.ts": {"path":"E:\\ironyx\\ironyx-design-system\\src\\design-system\\src\\lib\\forms\\field\\field.svelte.ts","statementMap":{"0":{"start":{"line":6,"column":24},"end":{"line":6,"column":null}},"1":{"start":{"line":8,"column":17},"end":{"line":8,"column":null}},"2":{"start":{"line":10,"column":10},"end":{"line":10,"column":null}},"3":{"start":{"line":11,"column":27},"end":{"line":11,"column":null}},"4":{"start":{"line":14,"column":4},"end":{"line":14,"column":null}},"5":{"start":{"line":17,"column":4},"end":{"line":17,"column":null}},"6":{"start":{"line":21,"column":4},"end":{"line":21,"column":null}},"7":{"start":{"line":23,"column":4},"end":{"line":23,"column":null}},"8":{"start":{"line":23,"column":18},"end":{"line":23,"column":null}},"9":{"start":{"line":27,"column":18},"end":{"line":27,"column":null}},"10":{"start":{"line":29,"column":4},"end":{"line":33,"column":null}},"11":{"start":{"line":30,"column":6},"end":{"line":30,"column":null}},"12":{"start":{"line":31,"column":6},"end":{"line":31,"column":null}},"13":{"start":{"line":32,"column":6},"end":{"line":32,"column":null}},"14":{"start":{"line":35,"column":4},"end":{"line":39,"column":null}},"15":{"start":{"line":37,"column":6},"end":{"line":37,"column":null}},"16":{"start":{"line":38,"column":6},"end":{"line":38,"column":null}},"17":{"start":{"line":41,"column":4},"end":{"line":47,"column":null}},"18":{"start":{"line":42,"column":21},"end":{"line":42,"column":null}},"19":{"start":{"line":43,"column":6},"end":{"line":46,"column":null}},"20":{"start":{"line":44,"column":8},"end":{"line":44,"column":null}},"21":{"start":{"line":45,"column":8},"end":{"line":45,"column":null}},"22":{"start":{"line":49,"column":4},"end":{"line":49,"column":null}}},"fnMap":{"0":{"name":"value","decl":{"start":{"line":8,"column":2},"end":{"line":8,"column":9}},"loc":{"start":{"line":8,"column":9},"end":{"line":8,"column":17}},"line":8},"1":{"name":"validationState","decl":{"start":{"line":11,"column":2},"end":{"line":11,"column":9}},"loc":{"start":{"line":11,"column":9},"end":{"line":11,"column":27}},"line":11},"2":{"name":"valid","decl":{"start":{"line":13,"column":13},"end":{"line":13,"column":30}},"loc":{"start":{"line":13,"column":30},"end":{"line":15,"column":null}},"line":13},"3":{"name":"invalid","decl":{"start":{"line":16,"column":13},"end":{"line":16,"column":32}},"loc":{"start":{"line":16,"column":32},"end":{"line":18,"column":null}},"line":16},"4":{"name":"constructor","decl":{"start":{"line":20,"column":2},"end":{"line":20,"column":14}},"loc":{"start":{"line":20,"column":77},"end":{"line":24,"column":null}},"line":20},"5":{"name":"(anonymous_5)","decl":{"start":{"line":23,"column":4},"end":{"line":23,"column":18}},"loc":{"start":{"line":23,"column":18},"end":{"line":23,"column":null}},"line":23},"6":{"name":"validate","decl":{"start":{"line":26,"column":2},"end":{"line":26,"column":9}},"loc":{"start":{"line":26,"column":20},"end":{"line":50,"column":null}},"line":26}},"branchMap":{"0":{"loc":{"start":{"line":20,"column":14},"end":{"line":20,"column":77}},"type":"default-arg","locations":[{"start":{"line":20,"column":14},"end":{"line":20,"column":77}}],"line":20},"1":{"loc":{"start":{"line":21,"column":22},"end":{"line":21,"column":null}},"type":"binary-expr","locations":[{"start":{"line":21,"column":22},"end":{"line":21,"column":null}},{"start":{"line":21,"column":29},"end":{"line":21,"column":null}}],"line":21},"2":{"loc":{"start":{"line":29,"column":4},"end":{"line":33,"column":null}},"type":"if","locations":[{"start":{"line":29,"column":4},"end":{"line":33,"column":null}},{"start":{},"end":{}}],"line":29},"3":{"loc":{"start":{"line":35,"column":4},"end":{"line":39,"column":null}},"type":"if","locations":[{"start":{"line":35,"column":4},"end":{"line":39,"column":null}},{"start":{},"end":{}}],"line":35},"4":{"loc":{"start":{"line":43,"column":6},"end":{"line":46,"column":null}},"type":"if","locations":[{"start":{"line":43,"column":6},"end":{"line":46,"column":null}},{"start":{},"end":{}}],"line":43}},"s":{"0":4,"1":4,"2":4,"3":4,"4":7,"5":21,"6":4,"7":4,"8":7,"9":7,"10":7,"11":0,"12":0,"13":0,"14":7,"15":4,"16":4,"17":3,"18":3,"19":3,"20":2,"21":2,"22":1},"f":{"0":28,"1":33,"2":7,"3":21,"4":4,"5":7,"6":7},"b":{"0":[4],"1":[4,0],"2":[0,7],"3":[4,3],"4":[2,1]},"meta":{"lastBranch":5,"lastFunction":7,"lastStatement":23,"seen":{"s:6:24:6:Infinity":0,"s:8:17:8:Infinity":1,"s:10:10:10:Infinity":2,"s:11:27:11:Infinity":3,"f:8:2:8:9":0,"f:11:2:11:9":1,"f:13:13:13:30":2,"s:14:4:14:Infinity":4,"f:16:13:16:32":3,"s:17:4:17:Infinity":5,"f:20:2:20:14":4,"b:20:14:20:77":0,"s:21:4:21:Infinity":6,"b:21:22:21:Infinity:21:29:21:Infinity":1,"s:23:4:23:Infinity":7,"f:23:4:23:18":5,"s:23:18:23:Infinity":8,"f:26:2:26:9":6,"s:27:18:27:Infinity":9,"b:29:4:33:Infinity:undefined:undefined:undefined:undefined":2,"s:29:4:33:Infinity":10,"s:30:6:30:Infinity":11,"s:31:6:31:Infinity":12,"s:32:6:32:Infinity":13,"b:35:4:39:Infinity:undefined:undefined:undefined:undefined":3,"s:35:4:39:Infinity":14,"s:37:6:37:Infinity":15,"s:38:6:38:Infinity":16,"s:41:4:47:Infinity":17,"s:42:21:42:Infinity":18,"b:43:6:46:Infinity:undefined:undefined:undefined:undefined":4,"s:43:6:46:Infinity":19,"s:44:8:44:Infinity":20,"s:45:8:45:Infinity":21,"s:49:4:49:Infinity":22},"fnNames":{}}}
,"E:\\ironyx\\ironyx-design-system\\src\\design-system\\src\\lib\\forms\\field_context\\field_context.ts": {"path":"E:\\ironyx\\ironyx-design-system\\src\\design-system\\src\\lib\\forms\\field_context\\field_context.ts","statementMap":{"0":{"start":{"line":5,"column":30},"end":{"line":5,"column":47}},"1":{"start":{"line":5,"column":63},"end":{"line":5,"column":82}}},"fnMap":{"0":{"name":"constructor","decl":{"start":{"line":5,"column":2},"end":{"line":5,"column":14}},"loc":{"start":{"line":5,"column":82},"end":{"line":5,"column":null}},"line":5}},"branchMap":{},"s":{"0":19,"1":19},"f":{"0":19},"b":{},"meta":{"lastBranch":0,"lastFunction":1,"lastStatement":2,"seen":{"f:5:2:5:14":0,"s:5:30:5:47":0,"s:5:63:5:82":1},"fnNames":{}}}
,"E:\\ironyx\\ironyx-design-system\\src\\design-system\\src\\lib\\forms\\form\\form.svelte.ts": {"path":"E:\\ironyx\\ironyx-design-system\\src\\design-system\\src\\lib\\forms\\form\\form.svelte.ts","statementMap":{"0":{"start":{"line":10,"column":4},"end":{"line":10,"column":null}},"1":{"start":{"line":12,"column":26},"end":{"line":12,"column":null}},"2":{"start":{"line":12,"column":64},"end":{"line":12,"column":71}},"3":{"start":{"line":13,"column":28},"end":{"line":13,"column":null}},"4":{"start":{"line":13,"column":65},"end":{"line":13,"column":74}}},"fnMap":{"0":{"name":"constructor","decl":{"start":{"line":9,"column":2},"end":{"line":9,"column":14}},"loc":{"start":{"line":9,"column":25},"end":{"line":14,"column":null}},"line":9},"1":{"name":"(anonymous_1)","decl":{"start":{"line":12,"column":26},"end":{"line":12,"column":33}},"loc":{"start":{"line":12,"column":26},"end":{"line":12,"column":null}},"line":12},"2":{"name":"(anonymous_2)","decl":{"start":{"line":12,"column":53},"end":{"line":12,"column":59}},"loc":{"start":{"line":12,"column":64},"end":{"line":12,"column":71}},"line":12},"3":{"name":"(anonymous_3)","decl":{"start":{"line":13,"column":28},"end":{"line":13,"column":35}},"loc":{"start":{"line":13,"column":28},"end":{"line":13,"column":null}},"line":13},"4":{"name":"(anonymous_4)","decl":{"start":{"line":13,"column":55},"end":{"line":13,"column":60}},"loc":{"start":{"line":13,"column":65},"end":{"line":13,"column":74}},"line":13}},"branchMap":{},"s":{"0":2,"1":1,"2":1,"3":1,"4":1},"f":{"0":2,"1":1,"2":1,"3":1,"4":1},"b":{},"meta":{"lastBranch":0,"lastFunction":5,"lastStatement":5,"seen":{"f:9:2:9:14":0,"s:10:4:10:Infinity":0,"s:12:26:12:Infinity":1,"f:12:26:12:33":1,"f:12:53:12:59":2,"s:12:64:12:71":2,"s:13:28:13:Infinity":3,"f:13:28:13:35":3,"f:13:55:13:60":4,"s:13:65:13:74":4},"fnNames":{}}}
,"E:\\ironyx\\ironyx-design-system\\src\\design-system\\src\\lib\\forms\\validation_state\\validation_state.ts": {"path":"E:\\ironyx\\ironyx-design-system\\src\\design-system\\src\\lib\\forms\\validation_state\\validation_state.ts","statementMap":{"0":{"start":{"line":8,"column":37},"end":{"line":20,"column":null}},"1":{"start":{"line":10,"column":4},"end":{"line":10,"column":null}},"2":{"start":{"line":14,"column":4},"end":{"line":14,"column":null}},"3":{"start":{"line":18,"column":4},"end":{"line":18,"column":null}}},"fnMap":{"0":{"name":"pending","decl":{"start":{"line":9,"column":2},"end":{"line":9,"column":29}},"loc":{"start":{"line":9,"column":29},"end":{"line":11,"column":null}},"line":9},"1":{"name":"valid","decl":{"start":{"line":13,"column":2},"end":{"line":13,"column":27}},"loc":{"start":{"line":13,"column":27},"end":{"line":15,"column":null}},"line":13},"2":{"name":"invalid","decl":{"start":{"line":17,"column":2},"end":{"line":17,"column":10}},"loc":{"start":{"line":17,"column":42},"end":{"line":19,"column":null}},"line":17}},"branchMap":{},"s":{"0":4,"1":4,"2":5,"3":8},"f":{"0":4,"1":5,"2":8},"b":{},"meta":{"lastBranch":0,"lastFunction":3,"lastStatement":4,"seen":{"s:8:37:20:Infinity":0,"f:9:2:9:29":0,"s:10:4:10:Infinity":1,"f:13:2:13:27":1,"s:14:4:14:Infinity":2,"f:17:2:17:10":2,"s:18:4:18:Infinity":3},"fnNames":{}}}
,"E:\\ironyx\\ironyx-design-system\\src\\design-system\\src\\lib\\forms\\validation_state\\validation_status.ts": {"path":"E:\\ironyx\\ironyx-design-system\\src\\design-system\\src\\lib\\forms\\validation_state\\validation_status.ts","statementMap":{"0":{"start":{"line":1,"column":7},"end":{"line":5,"column":null}},"1":{"start":{"line":2,"column":2},"end":{"line":2,"column":null}},"2":{"start":{"line":3,"column":2},"end":{"line":3,"column":null}},"3":{"start":{"line":4,"column":2},"end":{"line":4,"column":null}}},"fnMap":{"0":{"name":"(anonymous_0)","decl":{"start":{"line":1,"column":7},"end":{"line":1,"column":12}},"loc":{"start":{"line":1,"column":7},"end":{"line":5,"column":null}},"line":1}},"branchMap":{},"s":{"0":4,"1":4,"2":4,"3":4},"f":{"0":4},"b":{},"meta":{"lastBranch":0,"lastFunction":1,"lastStatement":4,"seen":{"s:1:7:5:Infinity":0,"f:1:7:1:12":0,"s:2:2:2:Infinity":1,"s:3:2:3:Infinity":2,"s:4:2:4:Infinity":3},"fnNames":{}}}
,"E:\\ironyx\\ironyx-design-system\\src\\design-system\\src\\lib\\forms\\validators\\required_validator\\required_validator.ts": {"path":"E:\\ironyx\\ironyx-design-system\\src\\design-system\\src\\lib\\forms\\validators\\required_validator\\required_validator.ts","statementMap":{"0":{"start":{"line":5,"column":31},"end":{"line":5,"column":49}},"1":{"start":{"line":8,"column":4},"end":{"line":8,"column":null}},"2":{"start":{"line":8,"column":63},"end":{"line":8,"column":null}},"3":{"start":{"line":10,"column":4},"end":{"line":10,"column":null}}},"fnMap":{"0":{"name":"constructor","decl":{"start":{"line":5,"column":2},"end":{"line":5,"column":14}},"loc":{"start":{"line":5,"column":69},"end":{"line":5,"column":null}},"line":5},"1":{"name":"validate","decl":{"start":{"line":7,"column":2},"end":{"line":7,"column":11}},"loc":{"start":{"line":7,"column":57},"end":{"line":11,"column":null}},"line":7}},"branchMap":{"0":{"loc":{"start":{"line":5,"column":14},"end":{"line":5,"column":69}},"type":"default-arg","locations":[{"start":{"line":5,"column":49},"end":{"line":5,"column":69}}],"line":5},"1":{"loc":{"start":{"line":8,"column":4},"end":{"line":8,"column":null}},"type":"if","locations":[{"start":{"line":8,"column":4},"end":{"line":8,"column":null}},{"start":{},"end":{}}],"line":8},"2":{"loc":{"start":{"line":8,"column":8},"end":{"line":8,"column":63}},"type":"binary-expr","locations":[{"start":{"line":8,"column":8},"end":{"line":8,"column":31}},{"start":{"line":8,"column":31},"end":{"line":8,"column":49}},{"start":{"line":8,"column":49},"end":{"line":8,"column":63}}],"line":8}},"s":{"0":6,"1":6,"2":5,"3":1},"f":{"0":6,"1":6},"b":{"0":[6],"1":[5,1],"2":[6,3,2]},"meta":{"lastBranch":3,"lastFunction":2,"lastStatement":4,"seen":{"f:5:2:5:14":0,"b:5:49:5:69":0,"s:5:31:5:49":0,"f:7:2:7:11":1,"b:8:4:8:Infinity:undefined:undefined:undefined:undefined":1,"s:8:4:8:Infinity":1,"b:8:8:8:31:8:31:8:49:8:49:8:63":2,"s:8:63:8:Infinity":2,"s:10:4:10:Infinity":3},"fnNames":{}}}
}
